info it worked if it ends with ok
verbose cli [ '/home/cloud9/c9/support/node-c9-builds-v4/node-c9-sunos',
verbose cli   '/home/ide_podviaznikov/workspaces/npm/bin/npm.js',
verbose cli   'publish' ]
info using npm@1.0.1rc6
info using node@v0.4.5
verbose config file /home/cloud9/.npmrc
verbose config file /home/cloud9/c9/support/etc/npmrc
verbose publish [ '.' ]
silly testEngine { name: 'soundcloud',
silly testEngine   description: 'SoundCloud API for Node.js',
silly testEngine   author: 
silly testEngine    { name: 'Anton Podviaznikov',
silly testEngine      email: 'podviaznikov@gmail.com' },
silly testEngine   url: 'https://github.com/podviaznikov/soundcloud-node',
silly testEngine   keywords: 
silly testEngine    [ 'soundcloud',
silly testEngine      'wrapper',
silly testEngine      'api',
silly testEngine      'api-client',
silly testEngine      'soundcloud.com' ],
silly testEngine   version: '0.1.0',
silly testEngine   main: './lib/soundcloud',
silly testEngine   engines: { node: '>= 0.4.1' },
silly testEngine   dependencies: {},
silly testEngine   devDependencies: {},
silly testEngine   _id: 'soundcloud@0.1.0',
silly testEngine   _engineSupported: true,
silly testEngine   _npmVersion: '1.0.1rc6',
silly testEngine   _nodeVersion: 'v0.4.5',
silly testEngine   _defaultsLoaded: true }
verbose caching package.json
verbose loadDefaults soundcloud@0.1.0
verbose pack /mnt/ws/users/podviaznikov/54673 /tmp/npm-1308993565682/1308993565682-0.9505301269236952/tmp.tgz
silly testEngine { name: 'soundcloud',
silly testEngine   description: 'SoundCloud API for Node.js',
silly testEngine   author: 
silly testEngine    { name: 'Anton Podviaznikov',
silly testEngine      email: 'podviaznikov@gmail.com' },
silly testEngine   url: 'https://github.com/podviaznikov/soundcloud-node',
silly testEngine   keywords: 
silly testEngine    [ 'soundcloud',
silly testEngine      'wrapper',
silly testEngine      'api',
silly testEngine      'api-client',
silly testEngine      'soundcloud.com' ],
silly testEngine   version: '0.1.0',
silly testEngine   main: './lib/soundcloud',
silly testEngine   engines: { node: '>= 0.4.1' },
silly testEngine   dependencies: {},
silly testEngine   devDependencies: {},
silly testEngine   _id: 'soundcloud@0.1.0',
silly testEngine   _engineSupported: true,
silly testEngine   _npmVersion: '1.0.1rc6',
silly testEngine   _nodeVersion: 'v0.4.5',
silly testEngine   _defaultsLoaded: true,
silly testEngine   path: '/mnt/ws/users/podviaznikov/54673' }
verbose caching /mnt/ws/users/podviaznikov/54673/package.json
verbose loadDefaults soundcloud@0.1.0
silly testEngine { name: 'express',
silly testEngine   description: 'Sinatra inspired web development framework',
silly testEngine   version: '2.3.12',
silly testEngine   author: 
silly testEngine    { name: 'TJ Holowaychuk',
silly testEngine      email: 'tj@vision-media.ca' },
silly testEngine   contributors: 
silly testEngine    [ { name: 'TJ Holowaychuk',
silly testEngine        email: 'tj@vision-media.ca' },
silly testEngine      { name: 'Aaron Heckmann',
silly testEngine        email: 'aaron.heckmann+github@gmail.com' },
silly testEngine      { name: 'Ciaran Jessup', email: 'ciaranj@gmail.com' },
silly testEngine      { name: 'Guillermo Rauch', email: 'rauchg@gmail.com' } ],
silly testEngine   dependencies: 
silly testEngine    { connect: '>= 1.5.1 < 2.0.0',
silly testEngine      mime: '>= 0.0.1',
silly testEngine      qs: '>= 0.0.6' },
silly testEngine   devDependencies: 
silly testEngine    { 'connect-form': '0.2.1',
silly testEngine      ejs: '0.4.2',
silly testEngine      expresso: '0.7.2',
silly testEngine      hamljs: '0.5.1',
silly testEngine      jade: '0.11.0',
silly testEngine      stylus: '0.13.0',
silly testEngine      should: '0.2.1',
silly testEngine      'express-messages': '0.0.2',
silly testEngine      'node-markdown': '>= 0.0.1',
silly testEngine      'connect-redis': '>= 0.0.1' },
silly testEngine   keywords: [ 'framework', 'sinatra', 'web', 'rest', 'restful' ],
silly testEngine   repository: 
silly testEngine    { type: 'git',
silly testEngine      url: 'git://github.com/visionmedia/express.git' },
silly testEngine   main: 'index',
silly testEngine   bin: { express: './bin/express' },
silly testEngine   scripts: { test: 'make test', prepublish: 'npm prune' },
silly testEngine   engines: { node: '>= 0.4.1 < 0.5.0' },
silly testEngine   _id: 'express@2.3.12',
silly testEngine   _engineSupported: true,
silly testEngine   _npmVersion: '1.0.1rc6',
silly testEngine   _nodeVersion: 'v0.4.5',
silly testEngine   _defaultsLoaded: true,
silly testEngine   path: '/mnt/ws/users/podviaznikov/54673/node_modules/express' }
verbose caching /mnt/ws/users/podviaznikov/54673/node_modules/express/package.json
verbose loadDefaults express@2.3.12
silly testEngine { name: 'restler',
silly testEngine   version: '0.2.1',
silly testEngine   description: 'An HTTP client library for node.js',
silly testEngine   contributors: [ { name: 'Dan Webb', email: 'dan@danwebb.net' } ],
silly testEngine   homepage: 'https://github.com/danwrong/restler',
silly testEngine   directories: { lib: './lib' },
silly testEngine   main: './lib/restler',
silly testEngine   engines: { node: '>= 0.3.7' },
silly testEngine   dependencies: {},
silly testEngine   devDependencies: {},
silly testEngine   _id: 'restler@0.2.1',
silly testEngine   _engineSupported: true,
silly testEngine   _npmVersion: '1.0.1rc6',
silly testEngine   _nodeVersion: 'v0.4.5',
silly testEngine   _defaultsLoaded: true,
silly testEngine   path: '/mnt/ws/users/podviaznikov/54673/node_modules/restler' }
verbose caching /mnt/ws/users/podviaznikov/54673/node_modules/restler/package.json
verbose loadDefaults restler@0.2.1
verbose mkdir done: /tmp/npm-1308993565682/1308993565682-0.9505301269236952
verbose mkdir'ed /tmp/npm-1308993565682/1308993565682-0.9505301269236952
verbose tar about to write tar and gzip it.
silly tar args [ '-cvf',
silly tar args   '-',
silly tar args   '54673/README.md',
silly tar args   '54673/package.json',
silly tar args   '54673/lib/soundcloud.js',
silly tar args   '54673/lib/tester.js',
silly tar args   '54673/node_modules/restler/package.json',
silly tar args   '54673/node_modules/restler/index.js',
silly tar args   '54673/node_modules/restler/MIT-LICENSE',
silly tar args   '54673/node_modules/restler/README.md',
silly tar args   '54673/node_modules/restler/test/all.js',
silly tar args   '54673/node_modules/restler/test/test_helper.js',
silly tar args   '54673/node_modules/restler/test/restler.js',
silly tar args   '54673/node_modules/restler/lib/multipartform.js',
silly tar args   '54673/node_modules/restler/lib/restler.js',
silly tar args   '54673/node_modules/restler/bin/restler',
silly tar args   '54673/node_modules/express/index.js',
silly tar args   '54673/node_modules/express/History.md',
silly tar args   '54673/node_modules/express/Makefile',
silly tar args   '54673/node_modules/express/.npmignore',
silly tar args   '54673/node_modules/express/package.json',
silly tar args   '54673/node_modules/express/LICENSE',
silly tar args   '54673/node_modules/express/Readme.md',
silly tar args   '54673/node_modules/express/bin/express',
silly tar args   '54673/node_modules/express/lib/express.js',
silly tar args   '54673/node_modules/express/lib/request.js',
silly tar args   '54673/node_modules/express/lib/https.js',
silly tar args   '54673/node_modules/express/lib/http.js',
silly tar args   '54673/node_modules/express/lib/response.js',
silly tar args   '54673/node_modules/express/lib/utils.js',
silly tar args   '54673/node_modules/express/lib/view.js',
silly tar args   '54673/node_modules/express/lib/view/partial.js',
silly tar args   '54673/node_modules/express/lib/view/view.js',
silly tar args   '54673/node_modules/express/lib/router/collection.js',
silly tar args   '54673/node_modules/express/lib/router/index.js',
silly tar args   '54673/node_modules/express/lib/router/methods.js',
silly tar args   '54673/node_modules/express/lib/router/route.js' ]
verbose success tar -cvf - <file list elided>
verbose success gzip "--stdout"
verbose mkdir done: /tmp/npm-1308993565682/1308993565682-0.9505301269236952/contents/___package.npm
verbose unpack_ uid, gid [ undefined, undefined ]
verbose unpackTarget /tmp/npm-1308993565682/1308993565682-0.9505301269236952/contents/package
verbose success gzip "--decompress" "--stdout" "/tmp/npm-1308993565682/1308993565682-0.9505301269236952/tmp.tgz"
verbose success /opt/local/bin/gtar "-mvxpf" "-" "--no-same-owner" "-C" "/tmp/npm-1308993565682/1308993565682-0.9505301269236952/contents/___package.npm"
verbose gunzed /tmp/npm-1308993565682/1308993565682-0.9505301269236952/contents/___package.npm/54673
verbose rm'ed /tmp/npm-1308993565682/1308993565682-0.9505301269236952/contents/package
verbose renamed [ '/tmp/npm-1308993565682/1308993565682-0.9505301269236952/contents/___package.npm/54673',
verbose renamed   '/tmp/npm-1308993565682/1308993565682-0.9505301269236952/contents/package' ]
verbose rm'ed /tmp/npm-1308993565682/1308993565682-0.9505301269236952/contents/___package.npm
silly testEngine { name: 'soundcloud',
silly testEngine   description: 'SoundCloud API for Node.js',
silly testEngine   author: 
silly testEngine    { name: 'Anton Podviaznikov',
silly testEngine      email: 'podviaznikov@gmail.com' },
silly testEngine   url: 'https://github.com/podviaznikov/soundcloud-node',
silly testEngine   keywords: 
silly testEngine    [ 'soundcloud',
silly testEngine      'wrapper',
silly testEngine      'api',
silly testEngine      'api-client',
silly testEngine      'soundcloud.com' ],
silly testEngine   version: '0.1.0',
silly testEngine   main: './lib/soundcloud',
silly testEngine   engines: { node: '>= 0.4.1' },
silly testEngine   dependencies: {},
silly testEngine   devDependencies: {},
silly testEngine   _id: 'soundcloud@0.1.0',
silly testEngine   _engineSupported: true,
silly testEngine   _npmVersion: '1.0.1rc6',
silly testEngine   _nodeVersion: 'v0.4.5',
silly testEngine   _defaultsLoaded: true,
silly testEngine   path: '/tmp/npm-1308993565682/1308993565682-0.9505301269236952/contents/package' }
verbose caching /tmp/npm-1308993565682/1308993565682-0.9505301269236952/contents/package/package.json
verbose loadDefaults soundcloud@0.1.0
verbose tarball contents [ 'package' ]
verbose from cache /tmp/npm-1308993565682/1308993565682-0.9505301269236952/contents/package/package.json
verbose pack /tmp/npm-1308993565682/1308993565682-0.9505301269236952/contents/package /home/ide_podviaznikov/workspaces/npm_cache/soundcloud/0.1.0/package.tgz
verbose from cache /tmp/npm-1308993565682/1308993565682-0.9505301269236952/contents/package/package.json
silly testEngine { name: 'restler',
silly testEngine   version: '0.2.1',
silly testEngine   description: 'An HTTP client library for node.js',
silly testEngine   contributors: [ { name: 'Dan Webb', email: 'dan@danwebb.net' } ],
silly testEngine   homepage: 'https://github.com/danwrong/restler',
silly testEngine   directories: { lib: './lib' },
silly testEngine   main: './lib/restler',
silly testEngine   engines: { node: '>= 0.3.7' },
silly testEngine   dependencies: {},
silly testEngine   devDependencies: {},
silly testEngine   _id: 'restler@0.2.1',
silly testEngine   _engineSupported: true,
silly testEngine   _npmVersion: '1.0.1rc6',
silly testEngine   _nodeVersion: 'v0.4.5',
silly testEngine   _defaultsLoaded: true,
silly testEngine   path: '/tmp/npm-1308993565682/1308993565682-0.9505301269236952/contents/package/node_modules/restler' }
verbose caching /tmp/npm-1308993565682/1308993565682-0.9505301269236952/contents/package/node_modules/restler/package.json
verbose loadDefaults restler@0.2.1
silly testEngine { name: 'express',
silly testEngine   description: 'Sinatra inspired web development framework',
silly testEngine   version: '2.3.12',
silly testEngine   author: 
silly testEngine    { name: 'TJ Holowaychuk',
silly testEngine      email: 'tj@vision-media.ca' },
silly testEngine   contributors: 
silly testEngine    [ { name: 'TJ Holowaychuk',
silly testEngine        email: 'tj@vision-media.ca' },
silly testEngine      { name: 'Aaron Heckmann',
silly testEngine        email: 'aaron.heckmann+github@gmail.com' },
silly testEngine      { name: 'Ciaran Jessup', email: 'ciaranj@gmail.com' },
silly testEngine      { name: 'Guillermo Rauch', email: 'rauchg@gmail.com' } ],
silly testEngine   dependencies: 
silly testEngine    { connect: '>= 1.5.1 < 2.0.0',
silly testEngine      mime: '>= 0.0.1',
silly testEngine      qs: '>= 0.0.6' },
silly testEngine   devDependencies: 
silly testEngine    { 'connect-form': '0.2.1',
silly testEngine      ejs: '0.4.2',
silly testEngine      expresso: '0.7.2',
silly testEngine      hamljs: '0.5.1',
silly testEngine      jade: '0.11.0',
silly testEngine      stylus: '0.13.0',
silly testEngine      should: '0.2.1',
silly testEngine      'express-messages': '0.0.2',
silly testEngine      'node-markdown': '>= 0.0.1',
silly testEngine      'connect-redis': '>= 0.0.1' },
silly testEngine   keywords: [ 'framework', 'sinatra', 'web', 'rest', 'restful' ],
silly testEngine   repository: 
silly testEngine    { type: 'git',
silly testEngine      url: 'git://github.com/visionmedia/express.git' },
silly testEngine   main: 'index',
silly testEngine   bin: { express: './bin/express' },
silly testEngine   scripts: { test: 'make test', prepublish: 'npm prune' },
silly testEngine   engines: { node: '>= 0.4.1 < 0.5.0' },
silly testEngine   _id: 'express@2.3.12',
silly testEngine   _engineSupported: true,
silly testEngine   _npmVersion: '1.0.1rc6',
silly testEngine   _nodeVersion: 'v0.4.5',
silly testEngine   _defaultsLoaded: true,
silly testEngine   path: '/tmp/npm-1308993565682/1308993565682-0.9505301269236952/contents/package/node_modules/express' }
verbose caching /tmp/npm-1308993565682/1308993565682-0.9505301269236952/contents/package/node_modules/express/package.json
verbose loadDefaults express@2.3.12
verbose mkdir done: /home/ide_podviaznikov/workspaces/npm_cache/soundcloud/0.1.0
verbose mkdir'ed /home/ide_podviaznikov/workspaces/npm_cache/soundcloud/0.1.0
verbose tar about to write tar and gzip it.
silly tar args [ '-cvf',
silly tar args   '-',
silly tar args   'package/README.md',
silly tar args   'package/package.json',
silly tar args   'package/lib/soundcloud.js',
silly tar args   'package/lib/tester.js',
silly tar args   'package/node_modules/restler/package.json',
silly tar args   'package/node_modules/restler/index.js',
silly tar args   'package/node_modules/restler/MIT-LICENSE',
silly tar args   'package/node_modules/restler/README.md',
silly tar args   'package/node_modules/restler/test/all.js',
silly tar args   'package/node_modules/restler/test/test_helper.js',
silly tar args   'package/node_modules/restler/test/restler.js',
silly tar args   'package/node_modules/restler/lib/multipartform.js',
silly tar args   'package/node_modules/restler/lib/restler.js',
silly tar args   'package/node_modules/restler/bin/restler',
silly tar args   'package/node_modules/express/index.js',
silly tar args   'package/node_modules/express/History.md',
silly tar args   'package/node_modules/express/Makefile',
silly tar args   'package/node_modules/express/.npmignore',
silly tar args   'package/node_modules/express/package.json',
silly tar args   'package/node_modules/express/LICENSE',
silly tar args   'package/node_modules/express/Readme.md',
silly tar args   'package/node_modules/express/bin/express',
silly tar args   'package/node_modules/express/lib/express.js',
silly tar args   'package/node_modules/express/lib/request.js',
silly tar args   'package/node_modules/express/lib/https.js',
silly tar args   'package/node_modules/express/lib/http.js',
silly tar args   'package/node_modules/express/lib/response.js',
silly tar args   'package/node_modules/express/lib/utils.js',
silly tar args   'package/node_modules/express/lib/view.js',
silly tar args   'package/node_modules/express/lib/view/partial.js',
silly tar args   'package/node_modules/express/lib/view/view.js',
silly tar args   'package/node_modules/express/lib/router/collection.js',
silly tar args   'package/node_modules/express/lib/router/index.js',
silly tar args   'package/node_modules/express/lib/router/methods.js',
silly tar args   'package/node_modules/express/lib/router/route.js' ]
verbose success tar -cvf - <file list elided>
verbose success gzip "--stdout"
verbose mkdir done: /home/ide_podviaznikov/workspaces/npm_cache/soundcloud/0.1.0/___package.npm
verbose unpack_ uid, gid [ undefined, undefined ]
verbose unpackTarget /home/ide_podviaznikov/workspaces/npm_cache/soundcloud/0.1.0/package
verbose success gzip "--decompress" "--stdout" "/home/ide_podviaznikov/workspaces/npm_cache/soundcloud/0.1.0/package.tgz"
verbose success /opt/local/bin/gtar "-mvxpf" "-" "--no-same-owner" "-C" "/home/ide_podviaznikov/workspaces/npm_cache/soundcloud/0.1.0/___package.npm"
verbose gunzed /home/ide_podviaznikov/workspaces/npm_cache/soundcloud/0.1.0/___package.npm/package
verbose rm'ed /home/ide_podviaznikov/workspaces/npm_cache/soundcloud/0.1.0/package
verbose renamed [ '/home/ide_podviaznikov/workspaces/npm_cache/soundcloud/0.1.0/___package.npm/package',
verbose renamed   '/home/ide_podviaznikov/workspaces/npm_cache/soundcloud/0.1.0/package' ]
verbose rm'ed /home/ide_podviaznikov/workspaces/npm_cache/soundcloud/0.1.0/___package.npm
silly testEngine { name: 'soundcloud',
silly testEngine   description: 'SoundCloud API for Node.js',
silly testEngine   author: 
silly testEngine    { name: 'Anton Podviaznikov',
silly testEngine      email: 'podviaznikov@gmail.com' },
silly testEngine   url: 'https://github.com/podviaznikov/soundcloud-node',
silly testEngine   keywords: 
silly testEngine    [ 'soundcloud',
silly testEngine      'wrapper',
silly testEngine      'api',
silly testEngine      'api-client',
silly testEngine      'soundcloud.com' ],
silly testEngine   version: '0.1.0',
silly testEngine   main: './lib/soundcloud',
silly testEngine   engines: { node: '>= 0.4.1' },
silly testEngine   dependencies: {},
silly testEngine   devDependencies: {},
silly testEngine   _id: 'soundcloud@0.1.0',
silly testEngine   _engineSupported: true,
silly testEngine   _npmVersion: '1.0.1rc6',
silly testEngine   _nodeVersion: 'v0.4.5',
silly testEngine   _defaultsLoaded: true,
silly testEngine   dist: 
silly testEngine    { shasum: '9954c88d94cf69ca6f50f1529feabeff221f33eb',
silly testEngine      tarball: 'http://registry.npmjs.org/soundcloud/-/soundcloud-0.1.0.tgz' } }
verbose caching /home/ide_podviaznikov/workspaces/npm_cache/soundcloud/0.1.0/package/package.json
verbose loadDefaults soundcloud@0.1.0
silly updated sha bytes 40058
info shasum 9954c88d94cf69ca6f50f1529feabeff221f33eb
info shasum /home/ide_podviaznikov/workspaces/npm_cache/soundcloud/0.1.0/package.tgz
verbose from cache /home/ide_podviaznikov/workspaces/npm_cache/soundcloud/0.1.0/package/package.json
silly publish { name: 'soundcloud',
silly publish   description: 'SoundCloud API for Node.js',
silly publish   author: 
silly publish    { name: 'Anton Podviaznikov',
silly publish      email: 'podviaznikov@gmail.com' },
silly publish   url: 'https://github.com/podviaznikov/soundcloud-node',
silly publish   keywords: 
silly publish    [ 'soundcloud',
silly publish      'wrapper',
silly publish      'api',
silly publish      'api-client',
silly publish      'soundcloud.com' ],
silly publish   version: '0.1.0',
silly publish   main: './lib/soundcloud',
silly publish   engines: { node: '>= 0.4.1' },
silly publish   dependencies: {},
silly publish   devDependencies: {},
silly publish   _id: 'soundcloud@0.1.0',
silly publish   _engineSupported: true,
silly publish   _npmVersion: '1.0.1rc6',
silly publish   _nodeVersion: 'v0.4.5',
silly publish   _defaultsLoaded: true,
silly publish   dist: 
silly publish    { shasum: '9954c88d94cf69ca6f50f1529feabeff221f33eb',
silly publish      tarball: 'http://registry.npmjs.org/soundcloud/-/soundcloud-0.1.0.tgz' } }
info prepublish soundcloud@0.1.0
verbose PUT soundcloud
verbose raw, before any munging soundcloud
verbose url resolving [ 'http://registry.npmjs.org/', './soundcloud' ]
verbose url resolved http://registry.npmjs.org/soundcloud
verbose url parsed { protocol: 'http:',
verbose url parsed   slashes: true,
verbose url parsed   host: 'registry.npmjs.org',
verbose url parsed   hostname: 'registry.npmjs.org',
verbose url parsed   pathname: '/soundcloud',
verbose url parsed   href: 'http://registry.npmjs.org/soundcloud' }
ERR! Failed PUT response undefined
ERR! { stack: [Getter/Setter],
ERR!   arguments: undefined,
ERR!   type: undefined,
ERR!   message: 'Cannot insert data into the registry without authorization\nSee: npm-adduser(1)' }
ERR! Report this *entire* log at:
ERR!     <http://github.com/isaacs/npm/issues>
ERR! or email it to:
ERR!     <npm-@googlegroups.com>
ERR! 
ERR! System SunOS 5.11
ERR! command "/home/cloud9/c9/support/node-c9-builds-v4/node-c9-sunos" "/home/ide_podviaznikov/workspaces/npm/bin/npm.js" "publish"
verbose exit [ 1, true ]
